[17:24:18] [ServerMain/INFO]: Environment: Environment[sessionHost=https://sessionserver.mojang.com, servicesHost=https://api.minecraftservices.com, name=PROD]
[17:24:21] [ServerMain/INFO]: Loaded 7 recipes
[17:24:21] [ServerMain/INFO]: Loaded 1271 advancements
[17:24:22] [Server thread/INFO]: Starting minecraft server version 1.20.4
[17:24:22] [Server thread/INFO]: Loading properties
[17:24:22] [Server thread/INFO]: Default game type: SURVIVAL
[17:24:22] [Server thread/INFO]: Generating keypair
[17:24:22] [Server thread/INFO]: Starting Minecraft server on *:25565
[17:24:22] [Server thread/INFO]: Using epoll channel type
[17:24:22] [Server thread/INFO]: Preparing level "world"
[17:24:30] [Server thread/INFO]: Preparing start region for dimension minecraft:overworld
[17:24:35] [Worker-Main-1/INFO]: Preparing spawn area: 0%
[17:24:35] [Worker-Main-1/INFO]: Preparing spawn area: 0%
[17:24:35] [Worker-Main-1/INFO]: Preparing spawn area: 0%
[17:24:35] [Worker-Main-1/INFO]: Preparing spawn area: 0%
[17:24:35] [Worker-Main-1/INFO]: Preparing spawn area: 0%
[17:24:35] [Worker-Main-1/INFO]: Preparing spawn area: 0%
[17:24:35] [Worker-Main-1/INFO]: Preparing spawn area: 0%
[17:24:35] [Worker-Main-1/INFO]: Preparing spawn area: 0%
[17:24:35] [Worker-Main-1/INFO]: Preparing spawn area: 0%
[17:24:35] [Worker-Main-1/INFO]: Preparing spawn area: 0%
[17:24:36] [Worker-Main-1/INFO]: Preparing spawn area: 0%
[17:24:36] [Worker-Main-1/INFO]: Preparing spawn area: 0%
[17:24:36] [Worker-Main-1/INFO]: Preparing spawn area: 0%
[17:24:37] [Worker-Main-1/INFO]: Preparing spawn area: 0%
[17:24:37] [Worker-Main-1/INFO]: Preparing spawn area: 0%
[17:24:38] [Worker-Main-1/INFO]: Preparing spawn area: 0%
[17:24:38] [Worker-Main-1/INFO]: Preparing spawn area: 0%
[17:24:39] [Worker-Main-1/INFO]: Preparing spawn area: 0%
[17:24:39] [Server thread/INFO]: Time elapsed: 8803 ms
[17:24:39] [Server thread/INFO]: Done (16.488s)! For help, type "help"
[17:24:39] [Server thread/ERROR]: Couldn't load server icon
java.lang.IllegalStateException: Must be 64 pixels wide
	at com.google.common.base.Preconditions.checkState(Preconditions.java:512) ~[guava-32.1.2-jre.jar:?]
	at net.minecraft.server.MinecraftServer.j(SourceFile:807) ~[server-1.20.4.jar:?]
	at java.util.Optional.flatMap(Optional.java:289) ~[?:?]
	at net.minecraft.server.MinecraftServer.bm(SourceFile:804) ~[server-1.20.4.jar:?]
	at net.minecraft.server.MinecraftServer.w(SourceFile:653) ~[server-1.20.4.jar:?]
	at net.minecraft.server.MinecraftServer.a(SourceFile:270) ~[server-1.20.4.jar:?]
	at java.lang.Thread.run(Thread.java:1583) ~[?:?]
[17:25:26] [User Authenticator #1/INFO]: UUID of player SrR1v3rah is e94ddd07-0ca0-4666-a5e9-ffa27d4ab624
[17:25:27] [Server thread/INFO]: SrR1v3rah[/127.44.187.184:51211] logged in with entity id 137 at (-2114.699999988079, 117.0, -1067.699999988079)
[17:25:27] [Server thread/INFO]: SrR1v3rah joined the game
[17:25:30] [Server thread/WARN]: Can't keep up! Is the server overloaded? Running 2616ms or 52 ticks behind
[17:33:23] [Server thread/WARN]: Mismatch in destroy block pos: hx{x=-2370, y=66, z=-1323} hx{x=-2370, y=64, z=-1323}
[17:38:20] [Server thread/INFO]: SrR1v3rah lost connection: Disconnected
[17:38:20] [Server thread/INFO]: SrR1v3rah left the game
[17:38:37] [Server thread/INFO]: Stopping the server
[17:38:37] [Server thread/INFO]: Stopping server
[17:38:37] [Server thread/INFO]: Saving players
[17:38:37] [Server thread/INFO]: Saving worlds
[17:38:38] [Server thread/INFO]: Saving chunks for level 'ServerLevel[meowworld]'/minecraft:overworld
[17:38:41] [Server thread/INFO]: Saving chunks for level 'ServerLevel[meowworld]'/minecraft:the_nether
[17:38:41] [Server thread/INFO]: Saving chunks for level 'ServerLevel[meowworld]'/minecraft:the_end
[17:38:41] [Server thread/INFO]: ThreadedAnvilChunkStorage (world): All chunks are saved
[17:38:41] [Server thread/INFO]: ThreadedAnvilChunkStorage (DIM-1): All chunks are saved
[17:38:41] [Server thread/INFO]: ThreadedAnvilChunkStorage (DIM1): All chunks are saved
[17:38:41] [Server thread/INFO]: ThreadedAnvilChunkStorage: All dimensions are saved
